<?xml version="1.0" encoding="UTF-8"?>
<!-- Generated by org.testng.reporters.JUnitXMLReporter -->
<testsuite hostname="Chetan" name="Default test" tests="3" failures="0" timestamp="1 Apr 2018 08:48:14 GMT" time="56.543" errors="0">
  <testcase name="homePageNavigation" time="5.401" classname="landmark.LifestyleAutomation.HomePage"/>
  <testcase name="homePageNavigation" time="7.073" classname="landmark.LifestyleAutomation.HomePage"/>
  <testcase name="homePageNavigation" time="5.0" classname="landmark.LifestyleAutomation.HomePage"/>
</testsuite> <!-- Default test -->
