<?xml version="1.0" encoding="UTF-8"?>
<!-- Generated by org.testng.reporters.JUnitXMLReporter -->
<testsuite hostname="Chetan" name="Test" tests="5" failures="0" timestamp="31 Mar 2018 18:06:52 GMT" time="80.754" errors="0">
  <testcase name="homePageNavigation" time="0.12" classname="landmark.LifestyleAutomation.HomePageVerifyNavigationBar"/>
  <testcase name="homePageNavigation" time="5.316" classname="landmark.LifestyleAutomation.HomePage"/>
  <testcase name="homePageNavigation" time="5.844" classname="landmark.LifestyleAutomation.HomePage"/>
  <testcase name="homePageNavigation" time="5.292" classname="landmark.LifestyleAutomation.HomePage"/>
  <testcase name="homePageNavigation" time="0.108" classname="landmark.LifestyleAutomation.HomePageVerifyText"/>
</testsuite> <!-- Test -->
