<?xml version="1.0" encoding="UTF-8"?>
<testsuite xmlns:xsi="http://www.w3.org/2001/XMLSchema-instance" xsi:noNamespaceSchemaLocation="https://maven.apache.org/surefire/maven-surefire-plugin/xsd/surefire-test-report.xsd" name="TestSuite" time="34.804" tests="3" errors="0" skipped="0" failures="2">
  <properties>
[...]
</properties>
  <testcase name="navigateToLoginPage" classname="landmark.LifestyleAutomation.HomePage" time="6.46"/>
  <testcase name="LoginToAccount" classname="landmark.LifestyleAutomation.HomePage" time="0.012">
    <failure message="expected [true] but found [false]" type="java.lang.AssertionError">java.lang.AssertionError: expected [true] but found [false]
	at landmark.LifestyleAutomation.HomePage.LoginToAccount(HomePage.java:40)
</failure>
    <system-out><![CDATA[18:24:12.050 [main] INFO  resources.BaseClass - The name of the testcase passed is :navigateToLoginPage
18:24:12.051 [main] INFO  resources.BaseClass - LoginToAccount test case started
18:24:12.051 [main] INFO  resources.BaseClass - Execution started for LoginToAccount
18:24:12.051 [main] INFO  resources.BaseClass - Entering the username
18:24:12.052 [main] ERROR resources.BaseClass - Failed to login
]]></system-out>
  </testcase>
  <testcase name="VerifyLoggedIn" classname="landmark.LifestyleAutomation.HomePage" time="10.104">
    <failure message="expected [true] but found [false]" type="java.lang.AssertionError">java.lang.AssertionError: expected [true] but found [false]
	at landmark.LifestyleAutomation.HomePage.VerifyLoggedIn(HomePage.java:48)
</failure>
    <system-out><![CDATA[18:24:12.454 [main] INFO  resources.BaseClass - The name of the testcase failed is :LoginToAccount
18:24:12.455 [main] INFO  resources.BaseClass - VerifyLoggedIn test case started
18:24:12.455 [main] INFO  resources.BaseClass - Execution started for VerifyLoggedIn
18:24:22.556 [main] ERROR resources.BaseClass - Logout link not present or User is not logged in
]]></system-out>
  </testcase>
</testsuite>